<?xml version="1.0" encoding="UTF-8"?>
<!-- Generated by org.testng.reporters.JUnitReportReporter -->
<testsuite hostname="Chiku" failures="0" tests="6" name="testCases.FirefoxTest" time="11.846" errors="0" timestamp="2024-09-12T21:34:05 IST" skipped="0">
  <testcase classname="testCases.FirefoxTest" name="testTitle" time="0.020"/>
  <system-out/>
  <testcase classname="testCases.FirefoxTest" name="testTitle" time="0.013"/>
  <system-out/>
  <testcase classname="testCases.FirefoxTest" name="clickOffers" time="3.387"/>
  <system-out/>
  <testcase classname="testCases.FirefoxTest" name="clickOffers" time="3.295"/>
  <system-out/>
  <testcase classname="testCases.FirefoxTest" name="clickOrders" time="2.616"/>
  <system-out/>
  <testcase classname="testCases.FirefoxTest" name="clickOrders" time="2.515"/>
  <system-out/>
</testsuite> <!-- testCases.FirefoxTest -->
