<?xml version="1.0" encoding="UTF-8"?>
<!-- Generated by org.testng.reporters.JUnitReportReporter -->
<testsuite hostname="Chiku" failures="0" tests="1" name="seleniumPrograms.StaticWebTables" time="16.798" errors="0" timestamp="2024-08-09T13:29:33 IST" skipped="0">
  <testcase classname="seleniumPrograms.StaticWebTables" name="getStaticTable" time="16.798"/>
  <system-out/>
</testsuite> <!-- seleniumPrograms.StaticWebTables -->
