<?xml version="1.0" encoding="UTF-8"?>
<!-- Generated by org.testng.reporters.JUnitReportReporter -->
<testsuite hostname="Chiku" failures="0" tests="1" name="seleniumPrograms.DynamicWebTables" time="7.940" errors="0" timestamp="2024-08-09T13:31:08 IST" skipped="0">
  <testcase classname="seleniumPrograms.DynamicWebTables" name="getDynamicTable" time="7.940"/>
  <system-out/>
</testsuite> <!-- seleniumPrograms.DynamicWebTables -->
