<?xml version="1.0" encoding="UTF-8"?>
<!-- Generated by org.testng.reporters.JUnitReportReporter -->
<testsuite hostname="Chiku" failures="0" tests="3" name="testCases.ChromeTest" time="4.915" errors="0" timestamp="2024-09-19T16:21:26 IST" skipped="0">
  <testcase classname="testCases.ChromeTest" name="testTitle" time="0.050"/>
  <system-out/>
  <testcase classname="testCases.ChromeTest" name="clickOffers" time="2.166"/>
  <system-out/>
  <testcase classname="testCases.ChromeTest" name="clickOrders" time="2.699"/>
  <system-out/>
</testsuite> <!-- testCases.ChromeTest -->
