<?xml version="1.0" encoding="UTF-8"?>
<!-- Generated by org.testng.reporters.JUnitReportReporter -->
<testsuite hostname="Chiku" failures="0" tests="1" name="utility.TestBase" time="16.738" errors="0" timestamp="2024-09-19T18:25:45 IST" skipped="0">
  <testcase classname="utility.TestBase" name="setUp" time="16.738"/>
  <system-out/>
</testsuite> <!-- utility.TestBase -->
